Analysis & Synthesis report for Divider
Sun Oct 28 00:01:38 2018
Quartus Prime Version 18.0.0 Build 614 04/24/2018 SJ Lite Edition


---------------------
; Table of Contents ;
---------------------
  1. Legal Notice
  2. Analysis & Synthesis Summary
  3. Analysis & Synthesis Settings
  4. Parallel Compilation
  5. Analysis & Synthesis Source Files Read
  6. Analysis & Synthesis Resource Usage Summary
  7. Analysis & Synthesis Resource Utilization by Entity
  8. State Machine - |Divider|part3:u0|control:C0|current_state
  9. User-Specified and Inferred Latches
 10. Registers Removed During Synthesis
 11. General Register Statistics
 12. Multiplexer Restructuring Statistics (Restructuring Performed)
 13. Port Connectivity Checks: "part3:u0|datapath:D0"
 14. Post-Synthesis Netlist Statistics for Top Partition
 15. Elapsed Time Per Partition
 16. Analysis & Synthesis Messages
 17. Analysis & Synthesis Suppressed Messages



----------------
; Legal Notice ;
----------------
Copyright (C) 2018  Intel Corporation. All rights reserved.
Your use of Intel Corporation's design tools, logic functions 
and other software and tools, and its AMPP partner logic 
functions, and any output files from any of the foregoing 
(including device programming or simulation files), and any 
associated documentation or information are expressly subject 
to the terms and conditions of the Intel Program License 
Subscription Agreement, the Intel Quartus Prime License Agreement,
the Intel FPGA IP License Agreement, or other applicable license
agreement, including, without limitation, that your use is for
the sole purpose of programming logic devices manufactured by
Intel and sold by Intel or its authorized distributors.  Please
refer to the applicable agreement for further details.



+-------------------------------------------------------------------------------+
; Analysis & Synthesis Summary                                                  ;
+---------------------------------+---------------------------------------------+
; Analysis & Synthesis Status     ; Successful - Sun Oct 28 00:01:38 2018       ;
; Quartus Prime Version           ; 18.0.0 Build 614 04/24/2018 SJ Lite Edition ;
; Revision Name                   ; Divider                                     ;
; Top-level Entity Name           ; Divider                                     ;
; Family                          ; Cyclone V                                   ;
; Logic utilization (in ALMs)     ; N/A                                         ;
; Total registers                 ; 17                                          ;
; Total pins                      ; 39                                          ;
; Total virtual pins              ; 0                                           ;
; Total block memory bits         ; 0                                           ;
; Total DSP Blocks                ; 0                                           ;
; Total HSSI RX PCSs              ; 0                                           ;
; Total HSSI PMA RX Deserializers ; 0                                           ;
; Total HSSI TX PCSs              ; 0                                           ;
; Total HSSI PMA TX Serializers   ; 0                                           ;
; Total PLLs                      ; 0                                           ;
; Total DLLs                      ; 0                                           ;
+---------------------------------+---------------------------------------------+


+---------------------------------------------------------------------------------------------------------------------------+
; Analysis & Synthesis Settings                                                                                             ;
+---------------------------------------------------------------------------------+--------------------+--------------------+
; Option                                                                          ; Setting            ; Default Value      ;
+---------------------------------------------------------------------------------+--------------------+--------------------+
; Device                                                                          ; 5CSEMA5F31C6       ;                    ;
; Top-level entity name                                                           ; Divider            ; Divider            ;
; Family name                                                                     ; Cyclone V          ; Cyclone V          ;
; Use smart compilation                                                           ; Off                ; Off                ;
; Enable parallel Assembler and Timing Analyzer during compilation                ; On                 ; On                 ;
; Enable compact report table                                                     ; Off                ; Off                ;
; Restructure Multiplexers                                                        ; Auto               ; Auto               ;
; MLAB Add Timing Constraints For Mixed-Port Feed-Through Mode Setting Don't Care ; Off                ; Off                ;
; Create Debugging Nodes for IP Cores                                             ; Off                ; Off                ;
; Preserve fewer node names                                                       ; On                 ; On                 ;
; Intel FPGA IP Evaluation Mode                                                   ; Enable             ; Enable             ;
; Verilog Version                                                                 ; Verilog_2001       ; Verilog_2001       ;
; VHDL Version                                                                    ; VHDL_1993          ; VHDL_1993          ;
; State Machine Processing                                                        ; Auto               ; Auto               ;
; Safe State Machine                                                              ; Off                ; Off                ;
; Extract Verilog State Machines                                                  ; On                 ; On                 ;
; Extract VHDL State Machines                                                     ; On                 ; On                 ;
; Ignore Verilog initial constructs                                               ; Off                ; Off                ;
; Iteration limit for constant Verilog loops                                      ; 5000               ; 5000               ;
; Iteration limit for non-constant Verilog loops                                  ; 250                ; 250                ;
; Add Pass-Through Logic to Inferred RAMs                                         ; On                 ; On                 ;
; Infer RAMs from Raw Logic                                                       ; On                 ; On                 ;
; Parallel Synthesis                                                              ; On                 ; On                 ;
; DSP Block Balancing                                                             ; Auto               ; Auto               ;
; NOT Gate Push-Back                                                              ; On                 ; On                 ;
; Power-Up Don't Care                                                             ; On                 ; On                 ;
; Remove Redundant Logic Cells                                                    ; Off                ; Off                ;
; Remove Duplicate Registers                                                      ; On                 ; On                 ;
; Ignore CARRY Buffers                                                            ; Off                ; Off                ;
; Ignore CASCADE Buffers                                                          ; Off                ; Off                ;
; Ignore GLOBAL Buffers                                                           ; Off                ; Off                ;
; Ignore ROW GLOBAL Buffers                                                       ; Off                ; Off                ;
; Ignore LCELL Buffers                                                            ; Off                ; Off                ;
; Ignore SOFT Buffers                                                             ; On                 ; On                 ;
; Limit AHDL Integers to 32 Bits                                                  ; Off                ; Off                ;
; Optimization Technique                                                          ; Balanced           ; Balanced           ;
; Carry Chain Length                                                              ; 70                 ; 70                 ;
; Auto Carry Chains                                                               ; On                 ; On                 ;
; Auto Open-Drain Pins                                                            ; On                 ; On                 ;
; Perform WYSIWYG Primitive Resynthesis                                           ; Off                ; Off                ;
; Auto ROM Replacement                                                            ; On                 ; On                 ;
; Auto RAM Replacement                                                            ; On                 ; On                 ;
; Auto DSP Block Replacement                                                      ; On                 ; On                 ;
; Auto Shift Register Replacement                                                 ; Auto               ; Auto               ;
; Allow Shift Register Merging across Hierarchies                                 ; Auto               ; Auto               ;
; Auto Clock Enable Replacement                                                   ; On                 ; On                 ;
; Strict RAM Replacement                                                          ; Off                ; Off                ;
; Allow Synchronous Control Signals                                               ; On                 ; On                 ;
; Force Use of Synchronous Clear Signals                                          ; Off                ; Off                ;
; Auto Resource Sharing                                                           ; Off                ; Off                ;
; Allow Any RAM Size For Recognition                                              ; Off                ; Off                ;
; Allow Any ROM Size For Recognition                                              ; Off                ; Off                ;
; Allow Any Shift Register Size For Recognition                                   ; Off                ; Off                ;
; Use LogicLock Constraints during Resource Balancing                             ; On                 ; On                 ;
; Ignore translate_off and synthesis_off directives                               ; Off                ; Off                ;
; Timing-Driven Synthesis                                                         ; On                 ; On                 ;
; Report Parameter Settings                                                       ; On                 ; On                 ;
; Report Source Assignments                                                       ; On                 ; On                 ;
; Report Connectivity Checks                                                      ; On                 ; On                 ;
; Ignore Maximum Fan-Out Assignments                                              ; Off                ; Off                ;
; Synchronization Register Chain Length                                           ; 3                  ; 3                  ;
; Power Optimization During Synthesis                                             ; Normal compilation ; Normal compilation ;
; HDL message level                                                               ; Level2             ; Level2             ;
; Suppress Register Optimization Related Messages                                 ; Off                ; Off                ;
; Number of Removed Registers Reported in Synthesis Report                        ; 5000               ; 5000               ;
; Number of Swept Nodes Reported in Synthesis Report                              ; 5000               ; 5000               ;
; Number of Inverted Registers Reported in Synthesis Report                       ; 100                ; 100                ;
; Clock MUX Protection                                                            ; On                 ; On                 ;
; Auto Gated Clock Conversion                                                     ; Off                ; Off                ;
; Block Design Naming                                                             ; Auto               ; Auto               ;
; SDC constraint protection                                                       ; Off                ; Off                ;
; Synthesis Effort                                                                ; Auto               ; Auto               ;
; Shift Register Replacement - Allow Asynchronous Clear Signal                    ; On                 ; On                 ;
; Pre-Mapping Resynthesis Optimization                                            ; Off                ; Off                ;
; Analysis & Synthesis Message Level                                              ; Medium             ; Medium             ;
; Disable Register Merging Across Hierarchies                                     ; Auto               ; Auto               ;
; Resource Aware Inference For Block RAM                                          ; On                 ; On                 ;
; Automatic Parallel Synthesis                                                    ; On                 ; On                 ;
; Partial Reconfiguration Bitstream ID                                            ; Off                ; Off                ;
+---------------------------------------------------------------------------------+--------------------+--------------------+


+------------------------------------------+
; Parallel Compilation                     ;
+----------------------------+-------------+
; Processors                 ; Number      ;
+----------------------------+-------------+
; Number detected on machine ; 4           ;
; Maximum allowed            ; 4           ;
;                            ;             ;
; Average used               ; 1.00        ;
; Maximum used               ; 4           ;
;                            ;             ;
; Usage by Processor         ; % Time Used ;
;     Processor 1            ; 100.0%      ;
;     Processors 2-4         ;   0.0%      ;
+----------------------------+-------------+


+-----------------------------------------------------------------------------------------------------------------------------------------------------------------------------------+
; Analysis & Synthesis Source Files Read                                                                                                                                            ;
+----------------------------------+-----------------+------------------------+-------------------------------------------------------------------------------------------+---------+
; File Name with User-Entered Path ; Used in Netlist ; File Type              ; File Name with Absolute Path                                                              ; Library ;
+----------------------------------+-----------------+------------------------+-------------------------------------------------------------------------------------------+---------+
; Divider.v                        ; yes             ; User Verilog HDL File  ; C:/Users/think/Desktop/U of T/ECE241H1 F DIGITAL SYSTEMS/ECE 241 lab/lab6/part3/Divider.v ;         ;
+----------------------------------+-----------------+------------------------+-------------------------------------------------------------------------------------------+---------+


+------------------------------------------------------------+
; Analysis & Synthesis Resource Usage Summary                ;
+---------------------------------------------+--------------+
; Resource                                    ; Usage        ;
+---------------------------------------------+--------------+
; Estimate of Logic utilization (ALMs needed) ; 25           ;
;                                             ;              ;
; Combinational ALUT usage for logic          ; 50           ;
;     -- 7 input functions                    ; 0            ;
;     -- 6 input functions                    ; 0            ;
;     -- 5 input functions                    ; 9            ;
;     -- 4 input functions                    ; 17           ;
;     -- <=3 input functions                  ; 24           ;
;                                             ;              ;
; Dedicated logic registers                   ; 17           ;
;                                             ;              ;
; I/O pins                                    ; 39           ;
;                                             ;              ;
; Total DSP Blocks                            ; 0            ;
;                                             ;              ;
; Maximum fan-out node                        ; KEY[0]~input ;
; Maximum fan-out                             ; 18           ;
; Total fan-out                               ; 270          ;
; Average fan-out                             ; 1.86         ;
+---------------------------------------------+--------------+


+--------------------------------------------------------------------------------------------------------------------------------------------------------------------------------------------------+
; Analysis & Synthesis Resource Utilization by Entity                                                                                                                                              ;
+----------------------------+---------------------+---------------------------+-------------------+------------+------+--------------+-------------------------------+-------------+--------------+
; Compilation Hierarchy Node ; Combinational ALUTs ; Dedicated Logic Registers ; Block Memory Bits ; DSP Blocks ; Pins ; Virtual Pins ; Full Hierarchy Name           ; Entity Name ; Library Name ;
+----------------------------+---------------------+---------------------------+-------------------+------------+------+--------------+-------------------------------+-------------+--------------+
; |Divider                   ; 50 (0)              ; 17 (0)                    ; 0                 ; 0          ; 39   ; 0            ; |Divider                      ; Divider     ; work         ;
;    |hex_decoder:H2|        ; 7 (7)               ; 0 (0)                     ; 0                 ; 0          ; 0    ; 0            ; |Divider|hex_decoder:H2       ; hex_decoder ; work         ;
;    |hex_decoder:H3|        ; 7 (7)               ; 0 (0)                     ; 0                 ; 0          ; 0    ; 0            ; |Divider|hex_decoder:H3       ; hex_decoder ; work         ;
;    |part3:u0|              ; 36 (0)              ; 17 (0)                    ; 0                 ; 0          ; 0    ; 0            ; |Divider|part3:u0             ; part3       ; work         ;
;       |control:C0|         ; 10 (10)             ; 9 (9)                     ; 0                 ; 0          ; 0    ; 0            ; |Divider|part3:u0|control:C0  ; control     ; work         ;
;       |datapath:D0|        ; 26 (26)             ; 8 (8)                     ; 0                 ; 0          ; 0    ; 0            ; |Divider|part3:u0|datapath:D0 ; datapath    ; work         ;
+----------------------------+---------------------+---------------------------+-------------------+------------+------+--------------+-------------------------------+-------------+--------------+
Note: For table entries with two numbers listed, the numbers in parentheses indicate the number of resources of the given type used by the specific entity alone. The numbers listed outside of parentheses indicate the total resources of the given type used by the specific entity and all of its sub-entities in the hierarchy.


Encoding Type:  One-Hot
+--------------------------------------------------------------------------------------------------------------------------------------------------------------------------------------------------------------------------------------------------------------------------------+
; State Machine - |Divider|part3:u0|control:C0|current_state                                                                                                                                                                                                                     ;
+-----------------------------+---------------------------+-------------------------+---------------------------+-------------------------+---------------------------+-------------------------+---------------------------+----------------------+-----------------------------+
; Name                        ; current_state.Load_Back_3 ; current_state.Operate_3 ; current_state.Load_Back_2 ; current_state.Operate_2 ; current_state.Load_Back_1 ; current_state.Operate_1 ; current_state.S_LOAD_WAIT ; current_state.S_LOAD ; current_state.Operate_Final ;
+-----------------------------+---------------------------+-------------------------+---------------------------+-------------------------+---------------------------+-------------------------+---------------------------+----------------------+-----------------------------+
; current_state.S_LOAD        ; 0                         ; 0                       ; 0                         ; 0                       ; 0                         ; 0                       ; 0                         ; 0                    ; 0                           ;
; current_state.S_LOAD_WAIT   ; 0                         ; 0                       ; 0                         ; 0                       ; 0                         ; 0                       ; 1                         ; 1                    ; 0                           ;
; current_state.Operate_1     ; 0                         ; 0                       ; 0                         ; 0                       ; 0                         ; 1                       ; 0                         ; 1                    ; 0                           ;
; current_state.Load_Back_1   ; 0                         ; 0                       ; 0                         ; 0                       ; 1                         ; 0                       ; 0                         ; 1                    ; 0                           ;
; current_state.Operate_2     ; 0                         ; 0                       ; 0                         ; 1                       ; 0                         ; 0                       ; 0                         ; 1                    ; 0                           ;
; current_state.Load_Back_2   ; 0                         ; 0                       ; 1                         ; 0                       ; 0                         ; 0                       ; 0                         ; 1                    ; 0                           ;
; current_state.Operate_3     ; 0                         ; 1                       ; 0                         ; 0                       ; 0                         ; 0                       ; 0                         ; 1                    ; 0                           ;
; current_state.Load_Back_3   ; 1                         ; 0                       ; 0                         ; 0                       ; 0                         ; 0                       ; 0                         ; 1                    ; 0                           ;
; current_state.Operate_Final ; 0                         ; 0                       ; 0                         ; 0                       ; 0                         ; 0                       ; 0                         ; 1                    ; 1                           ;
+-----------------------------+---------------------------+-------------------------+---------------------------+-------------------------+---------------------------+-------------------------+---------------------------+----------------------+-----------------------------+


+------------------------------------------------------------------------------------------------------------+
; User-Specified and Inferred Latches                                                                        ;
+-----------------------------------------------------+-----------------------------+------------------------+
; Latch Name                                          ; Latch Enable Signal         ; Free of Timing Hazards ;
+-----------------------------------------------------+-----------------------------+------------------------+
; part3:u0|datapath:D0|Reg_A_subtract[4]              ; part3:u0|control:C0|WideOr3 ; yes                    ;
; part3:u0|datapath:D0|Divident_Final[1]              ; part3:u0|control:C0|WideOr3 ; yes                    ;
; part3:u0|datapath:D0|Divident_Final[2]              ; part3:u0|control:C0|WideOr3 ; yes                    ;
; part3:u0|datapath:D0|Divident_Final[3]              ; part3:u0|control:C0|WideOr3 ; yes                    ;
; part3:u0|datapath:D0|Reg_A_subtract[0]              ; part3:u0|control:C0|WideOr3 ; yes                    ;
; part3:u0|datapath:D0|Reg_A_shift[0]                 ; part3:u0|control:C0|WideOr3 ; yes                    ;
; part3:u0|datapath:D0|Reg_A_subtract[1]              ; part3:u0|control:C0|WideOr3 ; yes                    ;
; part3:u0|datapath:D0|Reg_A_shift[1]                 ; part3:u0|control:C0|WideOr3 ; yes                    ;
; part3:u0|datapath:D0|Reg_A_subtract[2]              ; part3:u0|control:C0|WideOr3 ; yes                    ;
; part3:u0|datapath:D0|Reg_A_shift[2]                 ; part3:u0|control:C0|WideOr3 ; yes                    ;
; part3:u0|datapath:D0|Reg_A_subtract[3]              ; part3:u0|control:C0|WideOr3 ; yes                    ;
; part3:u0|datapath:D0|Reg_A_shift[3]                 ; part3:u0|control:C0|WideOr3 ; yes                    ;
; part3:u0|datapath:D0|Reg_A_shift[4]                 ; part3:u0|control:C0|WideOr3 ; yes                    ;
; Number of user-specified and inferred latches = 13  ;                             ;                        ;
+-----------------------------------------------------+-----------------------------+------------------------+
Note: All latches listed above may not be present at the end of synthesis due to various synthesis optimizations.


+------------------------------------------------------------+
; Registers Removed During Synthesis                         ;
+---------------------------------------+--------------------+
; Register name                         ; Reason for Removal ;
+---------------------------------------+--------------------+
; part3:u0|control:C0|current_state~2   ; Lost fanout        ;
; part3:u0|control:C0|current_state~3   ; Lost fanout        ;
; part3:u0|control:C0|current_state~4   ; Lost fanout        ;
; part3:u0|control:C0|current_state~6   ; Lost fanout        ;
; part3:u0|control:C0|current_state~7   ; Lost fanout        ;
; Total Number of Removed Registers = 5 ;                    ;
+---------------------------------------+--------------------+


+------------------------------------------------------+
; General Register Statistics                          ;
+----------------------------------------------+-------+
; Statistic                                    ; Value ;
+----------------------------------------------+-------+
; Total registers                              ; 17    ;
; Number of registers using Synchronous Clear  ; 0     ;
; Number of registers using Synchronous Load   ; 0     ;
; Number of registers using Asynchronous Clear ; 0     ;
; Number of registers using Asynchronous Load  ; 0     ;
; Number of registers using Clock Enable       ; 4     ;
; Number of registers using Preset             ; 0     ;
+----------------------------------------------+-------+


+---------------------------------------------------------------------------------------------------------------------------------------------------------+
; Multiplexer Restructuring Statistics (Restructuring Performed)                                                                                          ;
+--------------------+-----------+---------------+----------------------+------------------------+------------+-------------------------------------------+
; Multiplexer Inputs ; Bus Width ; Baseline Area ; Area if Restructured ; Saving if Restructured ; Registered ; Example Multiplexer Output                ;
+--------------------+-----------+---------------+----------------------+------------------------+------------+-------------------------------------------+
; 3:1                ; 4 bits    ; 8 LEs         ; 8 LEs                ; 0 LEs                  ; Yes        ; |Divider|part3:u0|datapath:D0|Divident[0] ;
; 4:1                ; 4 bits    ; 8 LEs         ; 8 LEs                ; 0 LEs                  ; Yes        ; |Divider|part3:u0|datapath:D0|Reg_A[0]    ;
+--------------------+-----------+---------------+----------------------+------------------------+------------+-------------------------------------------+


+--------------------------------------------------------------------------------------------------------------------------------------------------------------------------------------+
; Port Connectivity Checks: "part3:u0|datapath:D0"                                                                                                                                     ;
+----------------+--------+----------+-------------------------------------------------------------------------------------------------------------------------------------------------+
; Port           ; Type   ; Severity ; Details                                                                                                                                         ;
+----------------+--------+----------+-------------------------------------------------------------------------------------------------------------------------------------------------+
; Divisor        ; Input  ; Warning  ; Input port expression (4 bits) is smaller than the input port (5 bits) it drives.  Extra input bit(s) "Divisor[4..4]" will be connected to GND. ;
; Reg_A_Final[4] ; Output ; Info     ; Connected to dangling logic. Logic that only feeds a dangling port will be removed.                                                             ;
+----------------+--------+----------+-------------------------------------------------------------------------------------------------------------------------------------------------+


+-----------------------------------------------------+
; Post-Synthesis Netlist Statistics for Top Partition ;
+-----------------------+-----------------------------+
; Type                  ; Count                       ;
+-----------------------+-----------------------------+
; arriav_ff             ; 17                          ;
;     ENA               ; 4                           ;
;     plain             ; 13                          ;
; arriav_lcell_comb     ; 58                          ;
;     normal            ; 58                          ;
;         0 data inputs ; 2                           ;
;         1 data inputs ; 6                           ;
;         2 data inputs ; 6                           ;
;         3 data inputs ; 18                          ;
;         4 data inputs ; 17                          ;
;         5 data inputs ; 9                           ;
; boundary_port         ; 39                          ;
;                       ;                             ;
; Max LUT depth         ; 3.00                        ;
; Average LUT depth     ; 1.75                        ;
+-----------------------+-----------------------------+


+-------------------------------+
; Elapsed Time Per Partition    ;
+----------------+--------------+
; Partition Name ; Elapsed Time ;
+----------------+--------------+
; Top            ; 00:00:03     ;
+----------------+--------------+


+-------------------------------+
; Analysis & Synthesis Messages ;
+-------------------------------+
Info: *******************************************************************
Info: Running Quartus Prime Analysis & Synthesis
    Info: Version 18.0.0 Build 614 04/24/2018 SJ Lite Edition
    Info: Processing started: Sun Oct 28 00:00:59 2018
Info: Command: quartus_map --read_settings_files=on --write_settings_files=off Divider -c Divider
Warning (18236): Number of processors has not been specified which may cause overloading on shared machines.  Set the global assignment NUM_PARALLEL_PROCESSORS in your QSF to an appropriate value for best performance.
Info (20030): Parallel compilation is enabled and will use 4 of the 4 processors detected
Info (12021): Found 5 design units, including 5 entities, in source file divider.v
    Info (12023): Found entity 1: Divider File: C:/Users/think/Desktop/U of T/ECE241H1 F DIGITAL SYSTEMS/ECE 241 lab/lab6/part3/Divider.v Line: 2
    Info (12023): Found entity 2: part3 File: C:/Users/think/Desktop/U of T/ECE241H1 F DIGITAL SYSTEMS/ECE 241 lab/lab6/part3/Divider.v Line: 55
    Info (12023): Found entity 3: control File: C:/Users/think/Desktop/U of T/ECE241H1 F DIGITAL SYSTEMS/ECE 241 lab/lab6/part3/Divider.v Line: 99
    Info (12023): Found entity 4: datapath File: C:/Users/think/Desktop/U of T/ECE241H1 F DIGITAL SYSTEMS/ECE 241 lab/lab6/part3/Divider.v Line: 213
    Info (12023): Found entity 5: hex_decoder File: C:/Users/think/Desktop/U of T/ECE241H1 F DIGITAL SYSTEMS/ECE 241 lab/lab6/part3/Divider.v Line: 298
Warning (10236): Verilog HDL Implicit Net warning at Divider.v(19): created implicit net for "clk" File: C:/Users/think/Desktop/U of T/ECE241H1 F DIGITAL SYSTEMS/ECE 241 lab/lab6/part3/Divider.v Line: 19
Info (12127): Elaborating entity "Divider" for the top level hierarchy
Info (12128): Elaborating entity "part3" for hierarchy "part3:u0" File: C:/Users/think/Desktop/U of T/ECE241H1 F DIGITAL SYSTEMS/ECE 241 lab/lab6/part3/Divider.v Line: 29
Info (12128): Elaborating entity "control" for hierarchy "part3:u0|control:C0" File: C:/Users/think/Desktop/U of T/ECE241H1 F DIGITAL SYSTEMS/ECE 241 lab/lab6/part3/Divider.v Line: 81
Warning (10270): Verilog HDL Case Statement warning at Divider.v(157): incomplete case statement has no default case item File: C:/Users/think/Desktop/U of T/ECE241H1 F DIGITAL SYSTEMS/ECE 241 lab/lab6/part3/Divider.v Line: 157
Info (10264): Verilog HDL Case Statement information at Divider.v(157): all case item expressions in this case statement are onehot File: C:/Users/think/Desktop/U of T/ECE241H1 F DIGITAL SYSTEMS/ECE 241 lab/lab6/part3/Divider.v Line: 157
Info (12128): Elaborating entity "datapath" for hierarchy "part3:u0|datapath:D0" File: C:/Users/think/Desktop/U of T/ECE241H1 F DIGITAL SYSTEMS/ECE 241 lab/lab6/part3/Divider.v Line: 95
Warning (10240): Verilog HDL Always Construct warning at Divider.v(254): inferring latch(es) for variable "Reg_A_shift", which holds its previous value in one or more paths through the always construct File: C:/Users/think/Desktop/U of T/ECE241H1 F DIGITAL SYSTEMS/ECE 241 lab/lab6/part3/Divider.v Line: 254
Warning (10240): Verilog HDL Always Construct warning at Divider.v(254): inferring latch(es) for variable "Divident_shift", which holds its previous value in one or more paths through the always construct File: C:/Users/think/Desktop/U of T/ECE241H1 F DIGITAL SYSTEMS/ECE 241 lab/lab6/part3/Divider.v Line: 254
Warning (10240): Verilog HDL Always Construct warning at Divider.v(268): inferring latch(es) for variable "Reg_A_subtract", which holds its previous value in one or more paths through the always construct File: C:/Users/think/Desktop/U of T/ECE241H1 F DIGITAL SYSTEMS/ECE 241 lab/lab6/part3/Divider.v Line: 268
Warning (10240): Verilog HDL Always Construct warning at Divider.v(280): inferring latch(es) for variable "Reg_A_Final", which holds its previous value in one or more paths through the always construct File: C:/Users/think/Desktop/U of T/ECE241H1 F DIGITAL SYSTEMS/ECE 241 lab/lab6/part3/Divider.v Line: 280
Warning (10240): Verilog HDL Always Construct warning at Divider.v(280): inferring latch(es) for variable "Divident_Final", which holds its previous value in one or more paths through the always construct File: C:/Users/think/Desktop/U of T/ECE241H1 F DIGITAL SYSTEMS/ECE 241 lab/lab6/part3/Divider.v Line: 280
Info (10041): Inferred latch for "Reg_A_subtract[0]" at Divider.v(268) File: C:/Users/think/Desktop/U of T/ECE241H1 F DIGITAL SYSTEMS/ECE 241 lab/lab6/part3/Divider.v Line: 268
Info (10041): Inferred latch for "Reg_A_subtract[1]" at Divider.v(268) File: C:/Users/think/Desktop/U of T/ECE241H1 F DIGITAL SYSTEMS/ECE 241 lab/lab6/part3/Divider.v Line: 268
Info (10041): Inferred latch for "Reg_A_subtract[2]" at Divider.v(268) File: C:/Users/think/Desktop/U of T/ECE241H1 F DIGITAL SYSTEMS/ECE 241 lab/lab6/part3/Divider.v Line: 268
Info (10041): Inferred latch for "Reg_A_subtract[3]" at Divider.v(268) File: C:/Users/think/Desktop/U of T/ECE241H1 F DIGITAL SYSTEMS/ECE 241 lab/lab6/part3/Divider.v Line: 268
Info (10041): Inferred latch for "Reg_A_subtract[4]" at Divider.v(268) File: C:/Users/think/Desktop/U of T/ECE241H1 F DIGITAL SYSTEMS/ECE 241 lab/lab6/part3/Divider.v Line: 268
Info (10041): Inferred latch for "Divident_shift[0]" at Divider.v(254) File: C:/Users/think/Desktop/U of T/ECE241H1 F DIGITAL SYSTEMS/ECE 241 lab/lab6/part3/Divider.v Line: 254
Info (10041): Inferred latch for "Divident_Final[1]" at Divider.v(254) File: C:/Users/think/Desktop/U of T/ECE241H1 F DIGITAL SYSTEMS/ECE 241 lab/lab6/part3/Divider.v Line: 254
Info (10041): Inferred latch for "Divident_Final[2]" at Divider.v(254) File: C:/Users/think/Desktop/U of T/ECE241H1 F DIGITAL SYSTEMS/ECE 241 lab/lab6/part3/Divider.v Line: 254
Info (10041): Inferred latch for "Divident_Final[3]" at Divider.v(254) File: C:/Users/think/Desktop/U of T/ECE241H1 F DIGITAL SYSTEMS/ECE 241 lab/lab6/part3/Divider.v Line: 254
Info (10041): Inferred latch for "Reg_A_shift[0]" at Divider.v(254) File: C:/Users/think/Desktop/U of T/ECE241H1 F DIGITAL SYSTEMS/ECE 241 lab/lab6/part3/Divider.v Line: 254
Info (10041): Inferred latch for "Reg_A_shift[1]" at Divider.v(254) File: C:/Users/think/Desktop/U of T/ECE241H1 F DIGITAL SYSTEMS/ECE 241 lab/lab6/part3/Divider.v Line: 254
Info (10041): Inferred latch for "Reg_A_shift[2]" at Divider.v(254) File: C:/Users/think/Desktop/U of T/ECE241H1 F DIGITAL SYSTEMS/ECE 241 lab/lab6/part3/Divider.v Line: 254
Info (10041): Inferred latch for "Reg_A_shift[3]" at Divider.v(254) File: C:/Users/think/Desktop/U of T/ECE241H1 F DIGITAL SYSTEMS/ECE 241 lab/lab6/part3/Divider.v Line: 254
Info (10041): Inferred latch for "Reg_A_shift[4]" at Divider.v(254) File: C:/Users/think/Desktop/U of T/ECE241H1 F DIGITAL SYSTEMS/ECE 241 lab/lab6/part3/Divider.v Line: 254
Info (12128): Elaborating entity "hex_decoder" for hierarchy "hex_decoder:H0" File: C:/Users/think/Desktop/U of T/ECE241H1 F DIGITAL SYSTEMS/ECE 241 lab/lab6/part3/Divider.v Line: 36
Warning (12011): Net is missing source, defaulting to GND
    Warning (12110): Net "Divisor[3]" is missing source, defaulting to GND File: C:/Users/think/Desktop/U of T/ECE241H1 F DIGITAL SYSTEMS/ECE 241 lab/lab6/part3/Divider.v Line: 12
    Warning (12110): Net "Divisor[2]" is missing source, defaulting to GND File: C:/Users/think/Desktop/U of T/ECE241H1 F DIGITAL SYSTEMS/ECE 241 lab/lab6/part3/Divider.v Line: 12
    Warning (12110): Net "Divisor[1]" is missing source, defaulting to GND File: C:/Users/think/Desktop/U of T/ECE241H1 F DIGITAL SYSTEMS/ECE 241 lab/lab6/part3/Divider.v Line: 12
    Warning (12110): Net "Divisor[0]" is missing source, defaulting to GND File: C:/Users/think/Desktop/U of T/ECE241H1 F DIGITAL SYSTEMS/ECE 241 lab/lab6/part3/Divider.v Line: 12
    Warning (12110): Net "divident[3]" is missing source, defaulting to GND File: C:/Users/think/Desktop/U of T/ECE241H1 F DIGITAL SYSTEMS/ECE 241 lab/lab6/part3/Divider.v Line: 13
    Warning (12110): Net "divident[2]" is missing source, defaulting to GND File: C:/Users/think/Desktop/U of T/ECE241H1 F DIGITAL SYSTEMS/ECE 241 lab/lab6/part3/Divider.v Line: 13
    Warning (12110): Net "divident[1]" is missing source, defaulting to GND File: C:/Users/think/Desktop/U of T/ECE241H1 F DIGITAL SYSTEMS/ECE 241 lab/lab6/part3/Divider.v Line: 13
    Warning (12110): Net "divident[0]" is missing source, defaulting to GND File: C:/Users/think/Desktop/U of T/ECE241H1 F DIGITAL SYSTEMS/ECE 241 lab/lab6/part3/Divider.v Line: 13
Warning (12241): 1 hierarchies have connectivity warnings - see the Connectivity Checks report folder
Warning (13024): Output pins are stuck at VCC or GND
    Warning (13410): Pin "HEX0[0]" is stuck at GND File: C:/Users/think/Desktop/U of T/ECE241H1 F DIGITAL SYSTEMS/ECE 241 lab/lab6/part3/Divider.v Line: 7
    Warning (13410): Pin "HEX0[1]" is stuck at GND File: C:/Users/think/Desktop/U of T/ECE241H1 F DIGITAL SYSTEMS/ECE 241 lab/lab6/part3/Divider.v Line: 7
    Warning (13410): Pin "HEX0[2]" is stuck at GND File: C:/Users/think/Desktop/U of T/ECE241H1 F DIGITAL SYSTEMS/ECE 241 lab/lab6/part3/Divider.v Line: 7
    Warning (13410): Pin "HEX0[3]" is stuck at GND File: C:/Users/think/Desktop/U of T/ECE241H1 F DIGITAL SYSTEMS/ECE 241 lab/lab6/part3/Divider.v Line: 7
    Warning (13410): Pin "HEX0[4]" is stuck at GND File: C:/Users/think/Desktop/U of T/ECE241H1 F DIGITAL SYSTEMS/ECE 241 lab/lab6/part3/Divider.v Line: 7
    Warning (13410): Pin "HEX0[5]" is stuck at GND File: C:/Users/think/Desktop/U of T/ECE241H1 F DIGITAL SYSTEMS/ECE 241 lab/lab6/part3/Divider.v Line: 7
    Warning (13410): Pin "HEX0[6]" is stuck at VCC File: C:/Users/think/Desktop/U of T/ECE241H1 F DIGITAL SYSTEMS/ECE 241 lab/lab6/part3/Divider.v Line: 7
    Warning (13410): Pin "HEX2[0]" is stuck at GND File: C:/Users/think/Desktop/U of T/ECE241H1 F DIGITAL SYSTEMS/ECE 241 lab/lab6/part3/Divider.v Line: 7
    Warning (13410): Pin "HEX2[1]" is stuck at GND File: C:/Users/think/Desktop/U of T/ECE241H1 F DIGITAL SYSTEMS/ECE 241 lab/lab6/part3/Divider.v Line: 7
    Warning (13410): Pin "HEX2[2]" is stuck at GND File: C:/Users/think/Desktop/U of T/ECE241H1 F DIGITAL SYSTEMS/ECE 241 lab/lab6/part3/Divider.v Line: 7
    Warning (13410): Pin "HEX2[3]" is stuck at GND File: C:/Users/think/Desktop/U of T/ECE241H1 F DIGITAL SYSTEMS/ECE 241 lab/lab6/part3/Divider.v Line: 7
    Warning (13410): Pin "HEX2[4]" is stuck at GND File: C:/Users/think/Desktop/U of T/ECE241H1 F DIGITAL SYSTEMS/ECE 241 lab/lab6/part3/Divider.v Line: 7
    Warning (13410): Pin "HEX2[5]" is stuck at GND File: C:/Users/think/Desktop/U of T/ECE241H1 F DIGITAL SYSTEMS/ECE 241 lab/lab6/part3/Divider.v Line: 7
    Warning (13410): Pin "HEX2[6]" is stuck at VCC File: C:/Users/think/Desktop/U of T/ECE241H1 F DIGITAL SYSTEMS/ECE 241 lab/lab6/part3/Divider.v Line: 7
Info (286030): Timing-Driven Synthesis is running
Info (17049): 5 registers lost all their fanouts during netlist optimizations.
Info (144001): Generated suppressed messages file C:/Users/think/Desktop/U of T/ECE241H1 F DIGITAL SYSTEMS/ECE 241 lab/lab6/part3/output_files/Divider.map.smsg
Info (16010): Generating hard_block partition "hard_block:auto_generated_inst"
    Info (16011): Adding 0 node(s), including 0 DDIO, 0 PLL, 0 transceiver and 0 LCELL
Warning (21074): Design contains 8 input pin(s) that do not drive logic
    Warning (15610): No output dependent on input pin "SW[0]" File: C:/Users/think/Desktop/U of T/ECE241H1 F DIGITAL SYSTEMS/ECE 241 lab/lab6/part3/Divider.v Line: 3
    Warning (15610): No output dependent on input pin "SW[1]" File: C:/Users/think/Desktop/U of T/ECE241H1 F DIGITAL SYSTEMS/ECE 241 lab/lab6/part3/Divider.v Line: 3
    Warning (15610): No output dependent on input pin "SW[2]" File: C:/Users/think/Desktop/U of T/ECE241H1 F DIGITAL SYSTEMS/ECE 241 lab/lab6/part3/Divider.v Line: 3
    Warning (15610): No output dependent on input pin "SW[3]" File: C:/Users/think/Desktop/U of T/ECE241H1 F DIGITAL SYSTEMS/ECE 241 lab/lab6/part3/Divider.v Line: 3
    Warning (15610): No output dependent on input pin "SW[4]" File: C:/Users/think/Desktop/U of T/ECE241H1 F DIGITAL SYSTEMS/ECE 241 lab/lab6/part3/Divider.v Line: 3
    Warning (15610): No output dependent on input pin "SW[5]" File: C:/Users/think/Desktop/U of T/ECE241H1 F DIGITAL SYSTEMS/ECE 241 lab/lab6/part3/Divider.v Line: 3
    Warning (15610): No output dependent on input pin "SW[6]" File: C:/Users/think/Desktop/U of T/ECE241H1 F DIGITAL SYSTEMS/ECE 241 lab/lab6/part3/Divider.v Line: 3
    Warning (15610): No output dependent on input pin "SW[7]" File: C:/Users/think/Desktop/U of T/ECE241H1 F DIGITAL SYSTEMS/ECE 241 lab/lab6/part3/Divider.v Line: 3
Info (21057): Implemented 89 device resources after synthesis - the final resource count might be different
    Info (21058): Implemented 11 input pins
    Info (21059): Implemented 28 output pins
    Info (21061): Implemented 50 logic cells
Info: Quartus Prime Analysis & Synthesis was successful. 0 errors, 42 warnings
    Info: Peak virtual memory: 4867 megabytes
    Info: Processing ended: Sun Oct 28 00:01:38 2018
    Info: Elapsed time: 00:00:39
    Info: Total CPU time (on all processors): 00:01:07


+------------------------------------------+
; Analysis & Synthesis Suppressed Messages ;
+------------------------------------------+
The suppressed messages can be found in C:/Users/think/Desktop/U of T/ECE241H1 F DIGITAL SYSTEMS/ECE 241 lab/lab6/part3/output_files/Divider.map.smsg.


